<?xml version="1.0" encoding="UTF-8"?>
<testng-results ignored="0" total="7" passed="7" failed="0" skipped="0">
  <reporter-output>
  </reporter-output>
  <suite started-at="2023-12-08T22:16:26 IST" name="test1" finished-at="2023-12-08T22:17:09 IST" duration-ms="43124">
    <groups>
    </groups>
    <test started-at="2023-12-08T22:16:26 IST" name="POMframework for Login" finished-at="2023-12-08T22:16:39 IST" duration-ms="12755">
      <class name="tests.LoginPageTest">
        <test-method is-config="true" signature="getnameMethod(org.testng.ITestContext)[pri:0, instance:tests.LoginPageTest@23f5b5dc]" started-at="2023-12-08T22:16:26 IST" name="getnameMethod" finished-at="2023-12-08T22:16:26 IST" duration-ms="8" status="PASS">
          <params>
            <param index="0">
              <value>
                <![CDATA[org.testng.TestRunner@74a820bf]]>
              </value>
            </param>
          </params>
          <reporter-output>
          </reporter-output>
        </test-method> <!-- getnameMethod -->
        <test-method is-config="true" signature="start_browser()[pri:0, instance:tests.LoginPageTest@23f5b5dc]" started-at="2023-12-08T22:16:26 IST" name="start_browser" finished-at="2023-12-08T22:16:32 IST" depends-on-methods="pages.TestBase.getnameMethod" duration-ms="6248" status="PASS">
          <reporter-output>
          </reporter-output>
        </test-method> <!-- start_browser -->
        <test-method signature="test_login(java.lang.String,java.lang.String)[pri:0, instance:tests.LoginPageTest@23f5b5dc]" started-at="2023-12-08T22:16:33 IST" name="test_login" data-provider="LoginDetails" finished-at="2023-12-08T22:16:39 IST" duration-ms="5964" status="PASS">
          <params>
            <param index="0">
              <value>
                <![CDATA[vijayvel10301@gmail.com]]>
              </value>
            </param>
            <param index="1">
              <value>
                <![CDATA[group@123]]>
              </value>
            </param>
          </params>
          <reporter-output>
          </reporter-output>
        </test-method> <!-- test_login -->
        <test-method is-config="true" signature="generateTestStatus(java.lang.reflect.Method,org.testng.ITestResult)[pri:0, instance:tests.LoginPageTest@23f5b5dc]" started-at="2023-12-08T22:16:39 IST" name="generateTestStatus" finished-at="2023-12-08T22:16:39 IST" duration-ms="13" status="PASS">
          <params>
            <param index="0">
              <value>
                <![CDATA[public void tests.LoginPageTest.test_login(java.lang.String,java.lang.String) throws java.io.IOException,java.lang.InterruptedException]]>
              </value>
            </param>
            <param index="1">
              <value>
                <![CDATA[[TestResult name=test_login status=SUCCESS method=LoginPageTest.test_login(java.lang.String,java.lang.String)[pri:0, instance:tests.LoginPageTest@23f5b5dc] output={null}]]]>
              </value>
            </param>
          </params>
          <reporter-output>
          </reporter-output>
        </test-method> <!-- generateTestStatus -->
        <test-method is-config="true" signature="close_browser()[pri:0, instance:tests.LoginPageTest@23f5b5dc]" started-at="2023-12-08T22:16:39 IST" name="close_browser" finished-at="2023-12-08T22:16:39 IST" duration-ms="117" status="PASS">
          <reporter-output>
          </reporter-output>
        </test-method> <!-- close_browser -->
      </class> <!-- tests.LoginPageTest -->
    </test> <!-- POMframework for Login -->
    <test started-at="2023-12-08T22:16:39 IST" name="POMframework for fiction" finished-at="2023-12-08T22:17:00 IST" duration-ms="21412">
      <class name="tests.FictionBooksTest">
        <test-method is-config="true" signature="getnameMethod(org.testng.ITestContext)[pri:0, instance:tests.FictionBooksTest@2d29b4ee]" started-at="2023-12-08T22:16:39 IST" name="getnameMethod" finished-at="2023-12-08T22:16:39 IST" duration-ms="0" status="PASS">
          <params>
            <param index="0">
              <value>
                <![CDATA[org.testng.TestRunner@5a30722c]]>
              </value>
            </param>
          </params>
          <reporter-output>
          </reporter-output>
        </test-method> <!-- getnameMethod -->
        <test-method is-config="true" signature="start_browser()[pri:0, instance:tests.FictionBooksTest@2d29b4ee]" started-at="2023-12-08T22:16:39 IST" name="start_browser" finished-at="2023-12-08T22:16:42 IST" depends-on-methods="pages.TestBase.getnameMethod" duration-ms="3194" status="PASS">
          <reporter-output>
          </reporter-output>
        </test-method> <!-- start_browser -->
        <test-method signature="test_login(java.lang.String,java.lang.String)[pri:0, instance:tests.FictionBooksTest@2d29b4ee]" started-at="2023-12-08T22:16:42 IST" name="test_login" data-provider="testdata" finished-at="2023-12-08T22:16:46 IST" duration-ms="4097" status="PASS">
          <params>
            <param index="0">
              <value>
                <![CDATA[vijayvel10301@gmail.com]]>
              </value>
            </param>
            <param index="1">
              <value>
                <![CDATA[group@123]]>
              </value>
            </param>
          </params>
          <reporter-output>
          </reporter-output>
        </test-method> <!-- test_login -->
        <test-method signature="FictionBooksclick()[pri:2, instance:tests.FictionBooksTest@2d29b4ee]" started-at="2023-12-08T22:16:46 IST" name="FictionBooksclick" finished-at="2023-12-08T22:16:56 IST" duration-ms="9435" status="PASS">
          <reporter-output>
          </reporter-output>
        </test-method> <!-- FictionBooksclick -->
        <test-method is-config="true" signature="generateTestStatus(java.lang.reflect.Method,org.testng.ITestResult)[pri:0, instance:tests.FictionBooksTest@2d29b4ee]" started-at="2023-12-08T22:16:46 IST" name="generateTestStatus" finished-at="2023-12-08T22:16:46 IST" duration-ms="0" status="PASS">
          <params>
            <param index="0">
              <value>
                <![CDATA[public void tests.FictionBooksTest.test_login(java.lang.String,java.lang.String) throws java.io.IOException,java.lang.InterruptedException]]>
              </value>
            </param>
            <param index="1">
              <value>
                <![CDATA[[TestResult name=test_login status=SUCCESS method=FictionBooksTest.test_login(java.lang.String,java.lang.String)[pri:0, instance:tests.FictionBooksTest@2d29b4ee] output={null}]]]>
              </value>
            </param>
          </params>
          <reporter-output>
          </reporter-output>
        </test-method> <!-- generateTestStatus -->
        <test-method is-config="true" signature="generateTestStatus(java.lang.reflect.Method,org.testng.ITestResult)[pri:0, instance:tests.FictionBooksTest@2d29b4ee]" started-at="2023-12-08T22:16:56 IST" name="generateTestStatus" finished-at="2023-12-08T22:16:56 IST" duration-ms="0" status="PASS">
          <params>
            <param index="0">
              <value>
                <![CDATA[public void tests.FictionBooksTest.FictionBooksclick() throws java.lang.InterruptedException]]>
              </value>
            </param>
            <param index="1">
              <value>
                <![CDATA[[TestResult name=FictionBooksclick status=SUCCESS method=FictionBooksTest.FictionBooksclick()[pri:2, instance:tests.FictionBooksTest@2d29b4ee] output={null}]]]>
              </value>
            </param>
          </params>
          <reporter-output>
          </reporter-output>
        </test-method> <!-- generateTestStatus -->
        <test-method signature="book1_click()[pri:3, instance:tests.FictionBooksTest@2d29b4ee]" started-at="2023-12-08T22:16:56 IST" name="book1_click" finished-at="2023-12-08T22:16:58 IST" duration-ms="2637" status="PASS">
          <reporter-output>
          </reporter-output>
        </test-method> <!-- book1_click -->
        <test-method signature="buynow_click()[pri:4, instance:tests.FictionBooksTest@2d29b4ee]" started-at="2023-12-08T22:16:58 IST" name="buynow_click" finished-at="2023-12-08T22:17:00 IST" duration-ms="1881" status="PASS">
          <reporter-output>
          </reporter-output>
        </test-method> <!-- buynow_click -->
        <test-method is-config="true" signature="generateTestStatus(java.lang.reflect.Method,org.testng.ITestResult)[pri:0, instance:tests.FictionBooksTest@2d29b4ee]" started-at="2023-12-08T22:16:58 IST" name="generateTestStatus" finished-at="2023-12-08T22:16:58 IST" duration-ms="0" status="PASS">
          <params>
            <param index="0">
              <value>
                <![CDATA[public void tests.FictionBooksTest.book1_click() throws java.lang.InterruptedException]]>
              </value>
            </param>
            <param index="1">
              <value>
                <![CDATA[[TestResult name=book1_click status=SUCCESS method=FictionBooksTest.book1_click()[pri:3, instance:tests.FictionBooksTest@2d29b4ee] output={null}]]]>
              </value>
            </param>
          </params>
          <reporter-output>
          </reporter-output>
        </test-method> <!-- generateTestStatus -->
        <test-method is-config="true" signature="close_browser()[pri:0, instance:tests.FictionBooksTest@2d29b4ee]" started-at="2023-12-08T22:17:00 IST" name="close_browser" finished-at="2023-12-08T22:17:00 IST" duration-ms="104" status="PASS">
          <reporter-output>
          </reporter-output>
        </test-method> <!-- close_browser -->
        <test-method is-config="true" signature="generateTestStatus(java.lang.reflect.Method,org.testng.ITestResult)[pri:0, instance:tests.FictionBooksTest@2d29b4ee]" started-at="2023-12-08T22:17:00 IST" name="generateTestStatus" finished-at="2023-12-08T22:17:00 IST" duration-ms="0" status="PASS">
          <params>
            <param index="0">
              <value>
                <![CDATA[public void tests.FictionBooksTest.buynow_click() throws java.lang.InterruptedException]]>
              </value>
            </param>
            <param index="1">
              <value>
                <![CDATA[[TestResult name=buynow_click status=SUCCESS method=FictionBooksTest.buynow_click()[pri:4, instance:tests.FictionBooksTest@2d29b4ee] output={null}]]]>
              </value>
            </param>
          </params>
          <reporter-output>
          </reporter-output>
        </test-method> <!-- generateTestStatus -->
      </class> <!-- tests.FictionBooksTest -->
    </test> <!-- POMframework for fiction -->
    <test started-at="2023-12-08T22:17:00 IST" name="pom framework on search item and todays deal" finished-at="2023-12-08T22:17:09 IST" duration-ms="8903">
      <class name="tests.SearchAndTodaysDealsteps">
        <test-method is-config="true" signature="InitalizeExtentReport()[pri:0, instance:tests.SearchAndTodaysDealsteps@3b35a229]" started-at="2023-12-08T22:16:26 IST" name="InitalizeExtentReport" finished-at="2023-12-08T22:16:26 IST" duration-ms="183" status="PASS">
          <reporter-output>
          </reporter-output>
        </test-method> <!-- InitalizeExtentReport -->
        <test-method is-config="true" signature="setup()[pri:0, instance:tests.SearchAndTodaysDealsteps@3b35a229]" started-at="2023-12-08T22:17:00 IST" name="setup" finished-at="2023-12-08T22:17:03 IST" depends-on-methods="pages.TestBase.getnameMethod" duration-ms="2776" status="PASS">
          <reporter-output>
          </reporter-output>
        </test-method> <!-- setup -->
        <test-method is-config="true" signature="getnameMethod(org.testng.ITestContext)[pri:0, instance:tests.SearchAndTodaysDealsteps@3b35a229]" started-at="2023-12-08T22:17:00 IST" name="getnameMethod" finished-at="2023-12-08T22:17:00 IST" duration-ms="0" status="PASS">
          <params>
            <param index="0">
              <value>
                <![CDATA[org.testng.TestRunner@4f2ac7e0]]>
              </value>
            </param>
          </params>
          <reporter-output>
          </reporter-output>
        </test-method> <!-- getnameMethod -->
        <test-method signature="search(java.lang.String,java.lang.String,java.lang.String)[pri:49, instance:tests.SearchAndTodaysDealsteps@3b35a229]" started-at="2023-12-08T22:17:03 IST" name="search" data-provider="testdata" finished-at="2023-12-08T22:17:07 IST" duration-ms="3937" status="PASS">
          <params>
            <param index="0">
              <value>
                <![CDATA[Beyond The Story: 10-Year Record of BTS\\r\\n]]>
              </value>
            </param>
            <param index="1">
              <value>
                <![CDATA[vijayvel10301@gmail.com]]>
              </value>
            </param>
            <param index="2">
              <value>
                <![CDATA[group@123]]>
              </value>
            </param>
          </params>
          <reporter-output>
          </reporter-output>
        </test-method> <!-- search -->
        <test-method signature="dealstoday()[pri:50, instance:tests.SearchAndTodaysDealsteps@3b35a229]" started-at="2023-12-08T22:17:07 IST" name="dealstoday" finished-at="2023-12-08T22:17:09 IST" duration-ms="2035" status="PASS">
          <reporter-output>
          </reporter-output>
        </test-method> <!-- dealstoday -->
        <test-method is-config="true" signature="generateTestStatus(java.lang.reflect.Method,org.testng.ITestResult)[pri:0, instance:tests.SearchAndTodaysDealsteps@3b35a229]" started-at="2023-12-08T22:17:07 IST" name="generateTestStatus" finished-at="2023-12-08T22:17:07 IST" duration-ms="0" status="PASS">
          <params>
            <param index="0">
              <value>
                <![CDATA[public void tests.SearchAndTodaysDealsteps.search(java.lang.String,java.lang.String,java.lang.String) throws java.net.MalformedURLException,java.lang.InterruptedException]]>
              </value>
            </param>
            <param index="1">
              <value>
                <![CDATA[[TestResult name=search status=SUCCESS method=SearchAndTodaysDealsteps.search(java.lang.String,java.lang.String,java.lang.String)[pri:49, instance:tests.SearchAndTodaysDealsteps@3b35a229] output={null}]]]>
              </value>
            </param>
          </params>
          <reporter-output>
          </reporter-output>
        </test-method> <!-- generateTestStatus -->
        <test-method is-config="true" signature="generateTestStatus(java.lang.reflect.Method,org.testng.ITestResult)[pri:0, instance:tests.SearchAndTodaysDealsteps@3b35a229]" started-at="2023-12-08T22:17:09 IST" name="generateTestStatus" finished-at="2023-12-08T22:17:09 IST" duration-ms="0" status="PASS">
          <params>
            <param index="0">
              <value>
                <![CDATA[public void tests.SearchAndTodaysDealsteps.dealstoday() throws java.lang.InterruptedException,java.io.IOException]]>
              </value>
            </param>
            <param index="1">
              <value>
                <![CDATA[[TestResult name=dealstoday status=SUCCESS method=SearchAndTodaysDealsteps.dealstoday()[pri:50, instance:tests.SearchAndTodaysDealsteps@3b35a229] output={null}]]]>
              </value>
            </param>
          </params>
          <reporter-output>
          </reporter-output>
        </test-method> <!-- generateTestStatus -->
        <test-method is-config="true" signature="generateReports()[pri:0, instance:tests.SearchAndTodaysDealsteps@3b35a229]" started-at="2023-12-08T22:17:09 IST" name="generateReports" finished-at="2023-12-08T22:17:09 IST" duration-ms="134" status="PASS">
          <reporter-output>
          </reporter-output>
        </test-method> <!-- generateReports -->
      </class> <!-- tests.SearchAndTodaysDealsteps -->
      <class name="tests.FictionBooksTest">
        <test-method is-config="true" signature="generateReports()[pri:0, instance:tests.FictionBooksTest@2d29b4ee]" started-at="2023-12-08T22:17:09 IST" name="generateReports" finished-at="2023-12-08T22:17:10 IST" duration-ms="510" status="PASS">
          <reporter-output>
          </reporter-output>
        </test-method> <!-- generateReports -->
      </class> <!-- tests.FictionBooksTest -->
    </test> <!-- pom framework on search item and todays deal -->
  </suite> <!-- test1 -->
</testng-results>
