<?xml version="1.0" encoding="UTF-8"?>
<!-- Generated by org.testng.reporters.JUnitXMLReporter -->
<testsuite ignored="0" hostname="LAPTOP-DK38VD03" failures="0" tests="2" name="pom framework on search item and todays deal" time="8.903" errors="0" timestamp="2023-12-08T22:17:09 IST">
  <testcase classname="tests.SearchAndTodaysDealsteps" name="search" time="3.937"/>
  <testcase classname="tests.SearchAndTodaysDealsteps" name="dealstoday" time="2.035"/>
</testsuite> <!-- pom framework on search item and todays deal -->
