<?xml version="1.0" encoding="UTF-8"?>
<!-- Generated by org.testng.reporters.JUnitXMLReporter -->
<testsuite ignored="0" hostname="LAPTOP-DK38VD03" failures="0" tests="4" name="POMframework for fiction" time="21.412" errors="0" timestamp="2023-12-08T22:17:00 IST">
  <testcase classname="tests.FictionBooksTest" name="test_login" time="4.097"/>
  <testcase classname="tests.FictionBooksTest" name="FictionBooksclick" time="9.435"/>
  <testcase classname="tests.FictionBooksTest" name="book1_click" time="2.637"/>
  <testcase classname="tests.FictionBooksTest" name="buynow_click" time="1.881"/>
</testsuite> <!-- POMframework for fiction -->
